<?xml version="1.0" encoding="UTF-8"?>
<!-- Generated by org.testng.reporters.JUnitReportReporter -->
<testsuite hostname="FoxyOldSom" failures="0" tests="3" name="files.dynamicJson" time="2.136" errors="0" timestamp="2022-06-26T19:45:49 IST" skipped="0">
  <testcase classname="files.dynamicJson" name="addBook" time="1.611"/>
  <system-out/>
  <testcase classname="files.dynamicJson" name="addBook" time="0.224"/>
  <system-out/>
  <testcase classname="files.dynamicJson" name="addBook" time="0.301"/>
  <system-out/>
</testsuite> <!-- files.dynamicJson -->
