<?xml version="1.0" encoding="UTF-8"?>
<!-- Generated by org.testng.reporters.JUnitReportReporter -->
<testsuite hostname="FoxyOldSom" failures="0" tests="1" name="OauthTwitter.twitterDemo" time="2.201" errors="0" timestamp="2022-07-02T23:32:10 IST" skipped="0">
  <testcase classname="OauthTwitter.twitterDemo" name="postTweet" time="2.201"/>
  <system-out/>
</testsuite> <!-- OauthTwitter.twitterDemo -->
